Largest eigenvalues already exist at Simulated/rmt/noise_0.5_groupsize20/norm_10-percent-corr_clust-1_largest.zip
Marchenko data already exists at Simulated/rmt/noise_0.5_groupsize20/norm_10-percent-corr_clust-1_marchenko.zip
Brody data already exists at Simulated/rmt/noise_0.5_groupsize20/norm_10-percent-corr_clust-1_tr(0,-1)_poly_deg7_brody-mle.zip
NNSD data already exists at Simulated/rmt/noise_0.5_groupsize20/norm_10-percent-corr_clust-1_tr(0,-1)_poly_deg7_nnsd.zip
Rigidity data already exists at Simulated/rmt/noise_0.5_groupsize20/norm_10-percent-corr_clust-1_tr(0,-1)_poly_deg7_rig-maxL-20.zip
Levelvar data already exists at Simulated/rmt/noise_0.5_groupsize20/norm_10-percent-corr_clust-1_tr(0,-1)_poly_deg7_var-maxL-10.zip
Largest eigenvalues already exist at Simulated/rmt/noise_0.5_groupsize20/norm_10-percent-corr_clust-10_largest.zip
Marchenko data already exists at Simulated/rmt/noise_0.5_groupsize20/norm_10-percent-corr_clust-10_marchenko.zip
Brody data already exists at Simulated/rmt/noise_0.5_groupsize20/norm_10-percent-corr_clust-10_tr(0,-1)_poly_deg7_brody-mle.zip
NNSD data already exists at Simulated/rmt/noise_0.5_groupsize20/norm_10-percent-corr_clust-10_tr(0,-1)_poly_deg7_nnsd.zip
Rigidity data already exists at Simulated/rmt/noise_0.5_groupsize20/norm_10-percent-corr_clust-10_tr(0,-1)_poly_deg7_rig-maxL-20.zip
Levelvar data already exists at Simulated/rmt/noise_0.5_groupsize20/norm_10-percent-corr_clust-10_tr(0,-1)_poly_deg7_var-maxL-10.zip
Largest eigenvalues already exist at Simulated/rmt/noise_0.5_groupsize20/norm_10-percent-corr_clust-50_largest.zip
Marchenko data already exists at Simulated/rmt/noise_0.5_groupsize20/norm_10-percent-corr_clust-50_marchenko.zip
Brody data already exists at Simulated/rmt/noise_0.5_groupsize20/norm_10-percent-corr_clust-50_tr(0,-1)_poly_deg7_brody-mle.zip
NNSD data already exists at Simulated/rmt/noise_0.5_groupsize20/norm_10-percent-corr_clust-50_tr(0,-1)_poly_deg7_nnsd.zip
Rigidity data already exists at Simulated/rmt/noise_0.5_groupsize20/norm_10-percent-corr_clust-50_tr(0,-1)_poly_deg7_rig-maxL-20.zip
Levelvar data already exists at Simulated/rmt/noise_0.5_groupsize20/norm_10-percent-corr_clust-50_tr(0,-1)_poly_deg7_var-maxL-10.zip
Largest eigenvalues already exist at Simulated/rmt/noise_0.5_groupsize20/norm_10-percent-corr_clust-75_largest.zip
Marchenko data already exists at Simulated/rmt/noise_0.5_groupsize20/norm_10-percent-corr_clust-75_marchenko.zip
Brody data already exists at Simulated/rmt/noise_0.5_groupsize20/norm_10-percent-corr_clust-75_tr(0,-1)_poly_deg7_brody-mle.zip
NNSD data already exists at Simulated/rmt/noise_0.5_groupsize20/norm_10-percent-corr_clust-75_tr(0,-1)_poly_deg7_nnsd.zip
Rigidity data already exists at Simulated/rmt/noise_0.5_groupsize20/norm_10-percent-corr_clust-75_tr(0,-1)_poly_deg7_rig-maxL-20.zip
Levelvar data already exists at Simulated/rmt/noise_0.5_groupsize20/norm_10-percent-corr_clust-75_tr(0,-1)_poly_deg7_var-maxL-10.zip
Largest eigenvalues already exist at Simulated/rmt/noise_0.5_groupsize20/norm_10-percent-corr_clust-100_largest.zip
Marchenko data already exists at Simulated/rmt/noise_0.5_groupsize20/norm_10-percent-corr_clust-100_marchenko.zip
Brody data already exists at Simulated/rmt/noise_0.5_groupsize20/norm_10-percent-corr_clust-100_tr(0,-1)_poly_deg7_brody-mle.zip
NNSD data already exists at Simulated/rmt/noise_0.5_groupsize20/norm_10-percent-corr_clust-100_tr(0,-1)_poly_deg7_nnsd.zip
Rigidity data already exists at Simulated/rmt/noise_0.5_groupsize20/norm_10-percent-corr_clust-100_tr(0,-1)_poly_deg7_rig-maxL-20.zip
Levelvar data already exists at Simulated/rmt/noise_0.5_groupsize20/norm_10-percent-corr_clust-100_tr(0,-1)_poly_deg7_var-maxL-10.zip
Largest eigenvalues already exist at Simulated/rmt/noise_0.5_groupsize20/norm_10-percent-corr_clust-150_largest.zip
Marchenko data already exists at Simulated/rmt/noise_0.5_groupsize20/norm_10-percent-corr_clust-150_marchenko.zip
Brody data already exists at Simulated/rmt/noise_0.5_groupsize20/norm_10-percent-corr_clust-150_tr(0,-1)_poly_deg7_brody-mle.zip
NNSD data already exists at Simulated/rmt/noise_0.5_groupsize20/norm_10-percent-corr_clust-150_tr(0,-1)_poly_deg7_nnsd.zip
Rigidity data already exists at Simulated/rmt/noise_0.5_groupsize20/norm_10-percent-corr_clust-150_tr(0,-1)_poly_deg7_rig-maxL-20.zip
Levelvar data already exists at Simulated/rmt/noise_0.5_groupsize20/norm_10-percent-corr_clust-150_tr(0,-1)_poly_deg7_var-maxL-10.zip
Largest eigenvalues already exist at Simulated/rmt/noise_0.5_groupsize20/norm_10-percent-corr_clust-200_largest.zip
Marchenko data already exists at Simulated/rmt/noise_0.5_groupsize20/norm_10-percent-corr_clust-200_marchenko.zip
Brody data already exists at Simulated/rmt/noise_0.5_groupsize20/norm_10-percent-corr_clust-200_tr(0,-1)_poly_deg7_brody-mle.zip
NNSD data already exists at Simulated/rmt/noise_0.5_groupsize20/norm_10-percent-corr_clust-200_tr(0,-1)_poly_deg7_nnsd.zip
Rigidity data already exists at Simulated/rmt/noise_0.5_groupsize20/norm_10-percent-corr_clust-200_tr(0,-1)_poly_deg7_rig-maxL-20.zip
Levelvar data already exists at Simulated/rmt/noise_0.5_groupsize20/norm_10-percent-corr_clust-200_tr(0,-1)_poly_deg7_var-maxL-10.zip
Largest eigenvalues already exist at Simulated/rmt/noise_0.5_groupsize20/norm_10-percent-corr_clust-250_largest.zip
Marchenko data already exists at Simulated/rmt/noise_0.5_groupsize20/norm_10-percent-corr_clust-250_marchenko.zip
Brody data already exists at Simulated/rmt/noise_0.5_groupsize20/norm_10-percent-corr_clust-250_tr(0,-1)_poly_deg7_brody-mle.zip
NNSD data already exists at Simulated/rmt/noise_0.5_groupsize20/norm_10-percent-corr_clust-250_tr(0,-1)_poly_deg7_nnsd.zip
Rigidity data already exists at Simulated/rmt/noise_0.5_groupsize20/norm_10-percent-corr_clust-250_tr(0,-1)_poly_deg7_rig-maxL-20.zip
Levelvar data already exists at Simulated/rmt/noise_0.5_groupsize20/norm_10-percent-corr_clust-250_tr(0,-1)_poly_deg7_var-maxL-10.zip
Largest eigenvalues already exist at Simulated/rmt/noise_0.5_groupsize20/norm_10-percent-corr_clust-300_largest.zip
Marchenko data already exists at Simulated/rmt/noise_0.5_groupsize20/norm_10-percent-corr_clust-300_marchenko.zip
Brody data already exists at Simulated/rmt/noise_0.5_groupsize20/norm_10-percent-corr_clust-300_tr(0,-1)_poly_deg7_brody-mle.zip
NNSD data already exists at Simulated/rmt/noise_0.5_groupsize20/norm_10-percent-corr_clust-300_tr(0,-1)_poly_deg7_nnsd.zip
Rigidity data already exists at Simulated/rmt/noise_0.5_groupsize20/norm_10-percent-corr_clust-300_tr(0,-1)_poly_deg7_rig-maxL-20.zip
Levelvar data already exists at Simulated/rmt/noise_0.5_groupsize20/norm_10-percent-corr_clust-300_tr(0,-1)_poly_deg7_var-maxL-10.zip
Largest eigenvalues already exist at Simulated/rmt/noise_0.5_groupsize20/norm_10-percent-corr_clust-500_largest.zip
Marchenko data already exists at Simulated/rmt/noise_0.5_groupsize20/norm_10-percent-corr_clust-500_marchenko.zip
Brody data already exists at Simulated/rmt/noise_0.5_groupsize20/norm_10-percent-corr_clust-500_tr(0,-1)_poly_deg7_brody-mle.zip
NNSD data already exists at Simulated/rmt/noise_0.5_groupsize20/norm_10-percent-corr_clust-500_tr(0,-1)_poly_deg7_nnsd.zip
Rigidity data already exists at Simulated/rmt/noise_0.5_groupsize20/norm_10-percent-corr_clust-500_tr(0,-1)_poly_deg7_rig-maxL-20.zip
Levelvar data already exists at Simulated/rmt/noise_0.5_groupsize20/norm_10-percent-corr_clust-500_tr(0,-1)_poly_deg7_var-maxL-10.zip
Largest eigenvalues already exist at Simulated/rmt/noise_0.5_groupsize20/norm_25-percent-corr_clust-1_largest.zip
Marchenko data already exists at Simulated/rmt/noise_0.5_groupsize20/norm_25-percent-corr_clust-1_marchenko.zip
Brody data already exists at Simulated/rmt/noise_0.5_groupsize20/norm_25-percent-corr_clust-1_tr(0,-1)_poly_deg7_brody-mle.zip
NNSD data already exists at Simulated/rmt/noise_0.5_groupsize20/norm_25-percent-corr_clust-1_tr(0,-1)_poly_deg7_nnsd.zip
Rigidity data already exists at Simulated/rmt/noise_0.5_groupsize20/norm_25-percent-corr_clust-1_tr(0,-1)_poly_deg7_rig-maxL-20.zip
Levelvar data already exists at Simulated/rmt/noise_0.5_groupsize20/norm_25-percent-corr_clust-1_tr(0,-1)_poly_deg7_var-maxL-10.zip
Largest eigenvalues already exist at Simulated/rmt/noise_0.5_groupsize20/norm_25-percent-corr_clust-10_largest.zip
Marchenko data already exists at Simulated/rmt/noise_0.5_groupsize20/norm_25-percent-corr_clust-10_marchenko.zip
Brody data already exists at Simulated/rmt/noise_0.5_groupsize20/norm_25-percent-corr_clust-10_tr(0,-1)_poly_deg7_brody-mle.zip
NNSD data already exists at Simulated/rmt/noise_0.5_groupsize20/norm_25-percent-corr_clust-10_tr(0,-1)_poly_deg7_nnsd.zip
Rigidity data already exists at Simulated/rmt/noise_0.5_groupsize20/norm_25-percent-corr_clust-10_tr(0,-1)_poly_deg7_rig-maxL-20.zip
Levelvar data already exists at Simulated/rmt/noise_0.5_groupsize20/norm_25-percent-corr_clust-10_tr(0,-1)_poly_deg7_var-maxL-10.zip
Largest eigenvalues already exist at Simulated/rmt/noise_0.5_groupsize20/norm_25-percent-corr_clust-50_largest.zip
Marchenko data already exists at Simulated/rmt/noise_0.5_groupsize20/norm_25-percent-corr_clust-50_marchenko.zip
Brody data already exists at Simulated/rmt/noise_0.5_groupsize20/norm_25-percent-corr_clust-50_tr(0,-1)_poly_deg7_brody-mle.zip
NNSD data already exists at Simulated/rmt/noise_0.5_groupsize20/norm_25-percent-corr_clust-50_tr(0,-1)_poly_deg7_nnsd.zip
Rigidity data already exists at Simulated/rmt/noise_0.5_groupsize20/norm_25-percent-corr_clust-50_tr(0,-1)_poly_deg7_rig-maxL-20.zip
Levelvar data already exists at Simulated/rmt/noise_0.5_groupsize20/norm_25-percent-corr_clust-50_tr(0,-1)_poly_deg7_var-maxL-10.zip
Largest eigenvalues already exist at Simulated/rmt/noise_0.5_groupsize20/norm_25-percent-corr_clust-75_largest.zip
Marchenko data already exists at Simulated/rmt/noise_0.5_groupsize20/norm_25-percent-corr_clust-75_marchenko.zip
Brody data already exists at Simulated/rmt/noise_0.5_groupsize20/norm_25-percent-corr_clust-75_tr(0,-1)_poly_deg7_brody-mle.zip
NNSD data already exists at Simulated/rmt/noise_0.5_groupsize20/norm_25-percent-corr_clust-75_tr(0,-1)_poly_deg7_nnsd.zip
Rigidity data already exists at Simulated/rmt/noise_0.5_groupsize20/norm_25-percent-corr_clust-75_tr(0,-1)_poly_deg7_rig-maxL-20.zip
Levelvar data already exists at Simulated/rmt/noise_0.5_groupsize20/norm_25-percent-corr_clust-75_tr(0,-1)_poly_deg7_var-maxL-10.zip
Largest eigenvalues already exist at Simulated/rmt/noise_0.5_groupsize20/norm_25-percent-corr_clust-100_largest.zip
Marchenko data already exists at Simulated/rmt/noise_0.5_groupsize20/norm_25-percent-corr_clust-100_marchenko.zip
Brody data already exists at Simulated/rmt/noise_0.5_groupsize20/norm_25-percent-corr_clust-100_tr(0,-1)_poly_deg7_brody-mle.zip
NNSD data already exists at Simulated/rmt/noise_0.5_groupsize20/norm_25-percent-corr_clust-100_tr(0,-1)_poly_deg7_nnsd.zip
Rigidity data already exists at Simulated/rmt/noise_0.5_groupsize20/norm_25-percent-corr_clust-100_tr(0,-1)_poly_deg7_rig-maxL-20.zip
Levelvar data already exists at Simulated/rmt/noise_0.5_groupsize20/norm_25-percent-corr_clust-100_tr(0,-1)_poly_deg7_var-maxL-10.zip
Largest eigenvalues already exist at Simulated/rmt/noise_0.5_groupsize20/norm_25-percent-corr_clust-150_largest.zip
Marchenko data already exists at Simulated/rmt/noise_0.5_groupsize20/norm_25-percent-corr_clust-150_marchenko.zip
Brody data already exists at Simulated/rmt/noise_0.5_groupsize20/norm_25-percent-corr_clust-150_tr(0,-1)_poly_deg7_brody-mle.zip
NNSD data already exists at Simulated/rmt/noise_0.5_groupsize20/norm_25-percent-corr_clust-150_tr(0,-1)_poly_deg7_nnsd.zip
Rigidity data already exists at Simulated/rmt/noise_0.5_groupsize20/norm_25-percent-corr_clust-150_tr(0,-1)_poly_deg7_rig-maxL-20.zip
Levelvar data already exists at Simulated/rmt/noise_0.5_groupsize20/norm_25-percent-corr_clust-150_tr(0,-1)_poly_deg7_var-maxL-10.zip
Largest eigenvalues already exist at Simulated/rmt/noise_0.5_groupsize20/norm_25-percent-corr_clust-200_largest.zip
Marchenko data already exists at Simulated/rmt/noise_0.5_groupsize20/norm_25-percent-corr_clust-200_marchenko.zip
Brody data already exists at Simulated/rmt/noise_0.5_groupsize20/norm_25-percent-corr_clust-200_tr(0,-1)_poly_deg7_brody-mle.zip
NNSD data already exists at Simulated/rmt/noise_0.5_groupsize20/norm_25-percent-corr_clust-200_tr(0,-1)_poly_deg7_nnsd.zip
Rigidity data already exists at Simulated/rmt/noise_0.5_groupsize20/norm_25-percent-corr_clust-200_tr(0,-1)_poly_deg7_rig-maxL-20.zip
Levelvar data already exists at Simulated/rmt/noise_0.5_groupsize20/norm_25-percent-corr_clust-200_tr(0,-1)_poly_deg7_var-maxL-10.zip
Largest eigenvalues already exist at Simulated/rmt/noise_0.5_groupsize20/norm_25-percent-corr_clust-250_largest.zip
Marchenko data already exists at Simulated/rmt/noise_0.5_groupsize20/norm_25-percent-corr_clust-250_marchenko.zip
Brody data already exists at Simulated/rmt/noise_0.5_groupsize20/norm_25-percent-corr_clust-250_tr(0,-1)_poly_deg7_brody-mle.zip
NNSD data already exists at Simulated/rmt/noise_0.5_groupsize20/norm_25-percent-corr_clust-250_tr(0,-1)_poly_deg7_nnsd.zip
Rigidity data already exists at Simulated/rmt/noise_0.5_groupsize20/norm_25-percent-corr_clust-250_tr(0,-1)_poly_deg7_rig-maxL-20.zip
Levelvar data already exists at Simulated/rmt/noise_0.5_groupsize20/norm_25-percent-corr_clust-250_tr(0,-1)_poly_deg7_var-maxL-10.zip
Largest eigenvalues already exist at Simulated/rmt/noise_0.5_groupsize20/norm_25-percent-corr_clust-300_largest.zip
Marchenko data already exists at Simulated/rmt/noise_0.5_groupsize20/norm_25-percent-corr_clust-300_marchenko.zip
Brody data already exists at Simulated/rmt/noise_0.5_groupsize20/norm_25-percent-corr_clust-300_tr(0,-1)_poly_deg7_brody-mle.zip
NNSD data already exists at Simulated/rmt/noise_0.5_groupsize20/norm_25-percent-corr_clust-300_tr(0,-1)_poly_deg7_nnsd.zip
Rigidity data already exists at Simulated/rmt/noise_0.5_groupsize20/norm_25-percent-corr_clust-300_tr(0,-1)_poly_deg7_rig-maxL-20.zip
Levelvar data already exists at Simulated/rmt/noise_0.5_groupsize20/norm_25-percent-corr_clust-300_tr(0,-1)_poly_deg7_var-maxL-10.zip
Largest eigenvalues already exist at Simulated/rmt/noise_0.5_groupsize20/norm_25-percent-corr_clust-500_largest.zip
Marchenko data already exists at Simulated/rmt/noise_0.5_groupsize20/norm_25-percent-corr_clust-500_marchenko.zip
Brody data already exists at Simulated/rmt/noise_0.5_groupsize20/norm_25-percent-corr_clust-500_tr(0,-1)_poly_deg7_brody-mle.zip
NNSD data already exists at Simulated/rmt/noise_0.5_groupsize20/norm_25-percent-corr_clust-500_tr(0,-1)_poly_deg7_nnsd.zip
Rigidity data already exists at Simulated/rmt/noise_0.5_groupsize20/norm_25-percent-corr_clust-500_tr(0,-1)_poly_deg7_rig-maxL-20.zip
Levelvar data already exists at Simulated/rmt/noise_0.5_groupsize20/norm_25-percent-corr_clust-500_tr(0,-1)_poly_deg7_var-maxL-10.zip
Largest eigenvalues already exist at Simulated/rmt/noise_0.5_groupsize20/norm_50-percent-corr_clust-1_largest.zip
Marchenko data already exists at Simulated/rmt/noise_0.5_groupsize20/norm_50-percent-corr_clust-1_marchenko.zip
Brody data already exists at Simulated/rmt/noise_0.5_groupsize20/norm_50-percent-corr_clust-1_tr(0,-1)_poly_deg7_brody-mle.zip
NNSD data already exists at Simulated/rmt/noise_0.5_groupsize20/norm_50-percent-corr_clust-1_tr(0,-1)_poly_deg7_nnsd.zip
Rigidity data already exists at Simulated/rmt/noise_0.5_groupsize20/norm_50-percent-corr_clust-1_tr(0,-1)_poly_deg7_rig-maxL-20.zip
Levelvar data already exists at Simulated/rmt/noise_0.5_groupsize20/norm_50-percent-corr_clust-1_tr(0,-1)_poly_deg7_var-maxL-10.zip
Largest eigenvalues already exist at Simulated/rmt/noise_0.5_groupsize20/norm_50-percent-corr_clust-10_largest.zip
Marchenko data already exists at Simulated/rmt/noise_0.5_groupsize20/norm_50-percent-corr_clust-10_marchenko.zip
Brody data already exists at Simulated/rmt/noise_0.5_groupsize20/norm_50-percent-corr_clust-10_tr(0,-1)_poly_deg7_brody-mle.zip
NNSD data already exists at Simulated/rmt/noise_0.5_groupsize20/norm_50-percent-corr_clust-10_tr(0,-1)_poly_deg7_nnsd.zip
Rigidity data already exists at Simulated/rmt/noise_0.5_groupsize20/norm_50-percent-corr_clust-10_tr(0,-1)_poly_deg7_rig-maxL-20.zip
Levelvar data already exists at Simulated/rmt/noise_0.5_groupsize20/norm_50-percent-corr_clust-10_tr(0,-1)_poly_deg7_var-maxL-10.zip
Largest eigenvalues already exist at Simulated/rmt/noise_0.5_groupsize20/norm_50-percent-corr_clust-50_largest.zip
Marchenko data already exists at Simulated/rmt/noise_0.5_groupsize20/norm_50-percent-corr_clust-50_marchenko.zip
Brody data already exists at Simulated/rmt/noise_0.5_groupsize20/norm_50-percent-corr_clust-50_tr(0,-1)_poly_deg7_brody-mle.zip
NNSD data already exists at Simulated/rmt/noise_0.5_groupsize20/norm_50-percent-corr_clust-50_tr(0,-1)_poly_deg7_nnsd.zip
Rigidity data already exists at Simulated/rmt/noise_0.5_groupsize20/norm_50-percent-corr_clust-50_tr(0,-1)_poly_deg7_rig-maxL-20.zip
Levelvar data already exists at Simulated/rmt/noise_0.5_groupsize20/norm_50-percent-corr_clust-50_tr(0,-1)_poly_deg7_var-maxL-10.zip
Largest eigenvalues already exist at Simulated/rmt/noise_0.5_groupsize20/norm_50-percent-corr_clust-75_largest.zip
Marchenko data already exists at Simulated/rmt/noise_0.5_groupsize20/norm_50-percent-corr_clust-75_marchenko.zip
Brody data already exists at Simulated/rmt/noise_0.5_groupsize20/norm_50-percent-corr_clust-75_tr(0,-1)_poly_deg7_brody-mle.zip
NNSD data already exists at Simulated/rmt/noise_0.5_groupsize20/norm_50-percent-corr_clust-75_tr(0,-1)_poly_deg7_nnsd.zip
Rigidity data already exists at Simulated/rmt/noise_0.5_groupsize20/norm_50-percent-corr_clust-75_tr(0,-1)_poly_deg7_rig-maxL-20.zip
Levelvar data already exists at Simulated/rmt/noise_0.5_groupsize20/norm_50-percent-corr_clust-75_tr(0,-1)_poly_deg7_var-maxL-10.zip
Largest eigenvalues already exist at Simulated/rmt/noise_0.5_groupsize20/norm_50-percent-corr_clust-100_largest.zip
Marchenko data already exists at Simulated/rmt/noise_0.5_groupsize20/norm_50-percent-corr_clust-100_marchenko.zip
Brody data already exists at Simulated/rmt/noise_0.5_groupsize20/norm_50-percent-corr_clust-100_tr(0,-1)_poly_deg7_brody-mle.zip
NNSD data already exists at Simulated/rmt/noise_0.5_groupsize20/norm_50-percent-corr_clust-100_tr(0,-1)_poly_deg7_nnsd.zip
Rigidity data already exists at Simulated/rmt/noise_0.5_groupsize20/norm_50-percent-corr_clust-100_tr(0,-1)_poly_deg7_rig-maxL-20.zip
Levelvar data already exists at Simulated/rmt/noise_0.5_groupsize20/norm_50-percent-corr_clust-100_tr(0,-1)_poly_deg7_var-maxL-10.zip
Largest eigenvalues already exist at Simulated/rmt/noise_0.5_groupsize20/norm_50-percent-corr_clust-150_largest.zip
Marchenko data already exists at Simulated/rmt/noise_0.5_groupsize20/norm_50-percent-corr_clust-150_marchenko.zip
Brody data already exists at Simulated/rmt/noise_0.5_groupsize20/norm_50-percent-corr_clust-150_tr(0,-1)_poly_deg7_brody-mle.zip
NNSD data already exists at Simulated/rmt/noise_0.5_groupsize20/norm_50-percent-corr_clust-150_tr(0,-1)_poly_deg7_nnsd.zip
Rigidity data already exists at Simulated/rmt/noise_0.5_groupsize20/norm_50-percent-corr_clust-150_tr(0,-1)_poly_deg7_rig-maxL-20.zip
Levelvar data already exists at Simulated/rmt/noise_0.5_groupsize20/norm_50-percent-corr_clust-150_tr(0,-1)_poly_deg7_var-maxL-10.zip
Largest eigenvalues already exist at Simulated/rmt/noise_0.5_groupsize20/norm_50-percent-corr_clust-200_largest.zip
Marchenko data already exists at Simulated/rmt/noise_0.5_groupsize20/norm_50-percent-corr_clust-200_marchenko.zip
Brody data already exists at Simulated/rmt/noise_0.5_groupsize20/norm_50-percent-corr_clust-200_tr(0,-1)_poly_deg7_brody-mle.zip
NNSD data already exists at Simulated/rmt/noise_0.5_groupsize20/norm_50-percent-corr_clust-200_tr(0,-1)_poly_deg7_nnsd.zip
Rigidity data already exists at Simulated/rmt/noise_0.5_groupsize20/norm_50-percent-corr_clust-200_tr(0,-1)_poly_deg7_rig-maxL-20.zip
Levelvar data already exists at Simulated/rmt/noise_0.5_groupsize20/norm_50-percent-corr_clust-200_tr(0,-1)_poly_deg7_var-maxL-10.zip
Largest eigenvalues already exist at Simulated/rmt/noise_0.5_groupsize20/norm_50-percent-corr_clust-250_largest.zip
Marchenko data already exists at Simulated/rmt/noise_0.5_groupsize20/norm_50-percent-corr_clust-250_marchenko.zip
Brody data already exists at Simulated/rmt/noise_0.5_groupsize20/norm_50-percent-corr_clust-250_tr(0,-1)_poly_deg7_brody-mle.zip
NNSD data already exists at Simulated/rmt/noise_0.5_groupsize20/norm_50-percent-corr_clust-250_tr(0,-1)_poly_deg7_nnsd.zip
Rigidity data already exists at Simulated/rmt/noise_0.5_groupsize20/norm_50-percent-corr_clust-250_tr(0,-1)_poly_deg7_rig-maxL-20.zip
Levelvar data already exists at Simulated/rmt/noise_0.5_groupsize20/norm_50-percent-corr_clust-250_tr(0,-1)_poly_deg7_var-maxL-10.zip
Largest eigenvalues already exist at Simulated/rmt/noise_0.5_groupsize20/norm_50-percent-corr_clust-300_largest.zip
Marchenko data already exists at Simulated/rmt/noise_0.5_groupsize20/norm_50-percent-corr_clust-300_marchenko.zip
Brody data already exists at Simulated/rmt/noise_0.5_groupsize20/norm_50-percent-corr_clust-300_tr(0,-1)_poly_deg7_brody-mle.zip
NNSD data already exists at Simulated/rmt/noise_0.5_groupsize20/norm_50-percent-corr_clust-300_tr(0,-1)_poly_deg7_nnsd.zip
Rigidity data already exists at Simulated/rmt/noise_0.5_groupsize20/norm_50-percent-corr_clust-300_tr(0,-1)_poly_deg7_rig-maxL-20.zip
Levelvar data already exists at Simulated/rmt/noise_0.5_groupsize20/norm_50-percent-corr_clust-300_tr(0,-1)_poly_deg7_var-maxL-10.zip
Largest eigenvalues already exist at Simulated/rmt/noise_0.5_groupsize20/norm_50-percent-corr_clust-500_largest.zip
Marchenko data already exists at Simulated/rmt/noise_0.5_groupsize20/norm_50-percent-corr_clust-500_marchenko.zip
Brody data already exists at Simulated/rmt/noise_0.5_groupsize20/norm_50-percent-corr_clust-500_tr(0,-1)_poly_deg7_brody-mle.zip
NNSD data already exists at Simulated/rmt/noise_0.5_groupsize20/norm_50-percent-corr_clust-500_tr(0,-1)_poly_deg7_nnsd.zip
Rigidity data already exists at Simulated/rmt/noise_0.5_groupsize20/norm_50-percent-corr_clust-500_tr(0,-1)_poly_deg7_rig-maxL-20.zip
Levelvar data already exists at Simulated/rmt/noise_0.5_groupsize20/norm_50-percent-corr_clust-500_tr(0,-1)_poly_deg7_var-maxL-10.zip
Largest eigenvalues already exist at Simulated/rmt/noise_0.5_groupsize20/norm_75-percent-corr_clust-1_largest.zip
Marchenko data already exists at Simulated/rmt/noise_0.5_groupsize20/norm_75-percent-corr_clust-1_marchenko.zip
Brody data already exists at Simulated/rmt/noise_0.5_groupsize20/norm_75-percent-corr_clust-1_tr(0,-1)_poly_deg7_brody-mle.zip
NNSD data already exists at Simulated/rmt/noise_0.5_groupsize20/norm_75-percent-corr_clust-1_tr(0,-1)_poly_deg7_nnsd.zip
Rigidity data already exists at Simulated/rmt/noise_0.5_groupsize20/norm_75-percent-corr_clust-1_tr(0,-1)_poly_deg7_rig-maxL-20.zip
Levelvar data already exists at Simulated/rmt/noise_0.5_groupsize20/norm_75-percent-corr_clust-1_tr(0,-1)_poly_deg7_var-maxL-10.zip
Largest eigenvalues already exist at Simulated/rmt/noise_0.5_groupsize20/norm_75-percent-corr_clust-10_largest.zip
Marchenko data already exists at Simulated/rmt/noise_0.5_groupsize20/norm_75-percent-corr_clust-10_marchenko.zip
Brody data already exists at Simulated/rmt/noise_0.5_groupsize20/norm_75-percent-corr_clust-10_tr(0,-1)_poly_deg7_brody-mle.zip
NNSD data already exists at Simulated/rmt/noise_0.5_groupsize20/norm_75-percent-corr_clust-10_tr(0,-1)_poly_deg7_nnsd.zip
Rigidity data already exists at Simulated/rmt/noise_0.5_groupsize20/norm_75-percent-corr_clust-10_tr(0,-1)_poly_deg7_rig-maxL-20.zip
Levelvar data already exists at Simulated/rmt/noise_0.5_groupsize20/norm_75-percent-corr_clust-10_tr(0,-1)_poly_deg7_var-maxL-10.zip
Largest eigenvalues already exist at Simulated/rmt/noise_0.5_groupsize20/norm_75-percent-corr_clust-50_largest.zip
Marchenko data already exists at Simulated/rmt/noise_0.5_groupsize20/norm_75-percent-corr_clust-50_marchenko.zip
Brody data already exists at Simulated/rmt/noise_0.5_groupsize20/norm_75-percent-corr_clust-50_tr(0,-1)_poly_deg7_brody-mle.zip
NNSD data already exists at Simulated/rmt/noise_0.5_groupsize20/norm_75-percent-corr_clust-50_tr(0,-1)_poly_deg7_nnsd.zip
Rigidity data already exists at Simulated/rmt/noise_0.5_groupsize20/norm_75-percent-corr_clust-50_tr(0,-1)_poly_deg7_rig-maxL-20.zip
Levelvar data already exists at Simulated/rmt/noise_0.5_groupsize20/norm_75-percent-corr_clust-50_tr(0,-1)_poly_deg7_var-maxL-10.zip
Largest eigenvalues already exist at Simulated/rmt/noise_0.5_groupsize20/norm_75-percent-corr_clust-75_largest.zip
Marchenko data already exists at Simulated/rmt/noise_0.5_groupsize20/norm_75-percent-corr_clust-75_marchenko.zip
Brody data already exists at Simulated/rmt/noise_0.5_groupsize20/norm_75-percent-corr_clust-75_tr(0,-1)_poly_deg7_brody-mle.zip
NNSD data already exists at Simulated/rmt/noise_0.5_groupsize20/norm_75-percent-corr_clust-75_tr(0,-1)_poly_deg7_nnsd.zip
Rigidity data already exists at Simulated/rmt/noise_0.5_groupsize20/norm_75-percent-corr_clust-75_tr(0,-1)_poly_deg7_rig-maxL-20.zip
Levelvar data already exists at Simulated/rmt/noise_0.5_groupsize20/norm_75-percent-corr_clust-75_tr(0,-1)_poly_deg7_var-maxL-10.zip
Largest eigenvalues already exist at Simulated/rmt/noise_0.5_groupsize20/norm_75-percent-corr_clust-100_largest.zip
Marchenko data already exists at Simulated/rmt/noise_0.5_groupsize20/norm_75-percent-corr_clust-100_marchenko.zip
Brody data already exists at Simulated/rmt/noise_0.5_groupsize20/norm_75-percent-corr_clust-100_tr(0,-1)_poly_deg7_brody-mle.zip
NNSD data already exists at Simulated/rmt/noise_0.5_groupsize20/norm_75-percent-corr_clust-100_tr(0,-1)_poly_deg7_nnsd.zip
Rigidity data already exists at Simulated/rmt/noise_0.5_groupsize20/norm_75-percent-corr_clust-100_tr(0,-1)_poly_deg7_rig-maxL-20.zip
Levelvar data already exists at Simulated/rmt/noise_0.5_groupsize20/norm_75-percent-corr_clust-100_tr(0,-1)_poly_deg7_var-maxL-10.zip
Largest eigenvalues already exist at Simulated/rmt/noise_0.5_groupsize20/norm_75-percent-corr_clust-150_largest.zip
Marchenko data already exists at Simulated/rmt/noise_0.5_groupsize20/norm_75-percent-corr_clust-150_marchenko.zip
Brody data already exists at Simulated/rmt/noise_0.5_groupsize20/norm_75-percent-corr_clust-150_tr(0,-1)_poly_deg7_brody-mle.zip
NNSD data already exists at Simulated/rmt/noise_0.5_groupsize20/norm_75-percent-corr_clust-150_tr(0,-1)_poly_deg7_nnsd.zip
Rigidity data already exists at Simulated/rmt/noise_0.5_groupsize20/norm_75-percent-corr_clust-150_tr(0,-1)_poly_deg7_rig-maxL-20.zip
Levelvar data already exists at Simulated/rmt/noise_0.5_groupsize20/norm_75-percent-corr_clust-150_tr(0,-1)_poly_deg7_var-maxL-10.zip
Largest eigenvalues already exist at Simulated/rmt/noise_0.5_groupsize20/norm_75-percent-corr_clust-200_largest.zip
Marchenko data already exists at Simulated/rmt/noise_0.5_groupsize20/norm_75-percent-corr_clust-200_marchenko.zip
Brody data already exists at Simulated/rmt/noise_0.5_groupsize20/norm_75-percent-corr_clust-200_tr(0,-1)_poly_deg7_brody-mle.zip
NNSD data already exists at Simulated/rmt/noise_0.5_groupsize20/norm_75-percent-corr_clust-200_tr(0,-1)_poly_deg7_nnsd.zip
Rigidity data already exists at Simulated/rmt/noise_0.5_groupsize20/norm_75-percent-corr_clust-200_tr(0,-1)_poly_deg7_rig-maxL-20.zip
Levelvar data already exists at Simulated/rmt/noise_0.5_groupsize20/norm_75-percent-corr_clust-200_tr(0,-1)_poly_deg7_var-maxL-10.zip
Largest eigenvalues already exist at Simulated/rmt/noise_0.5_groupsize20/norm_75-percent-corr_clust-250_largest.zip
Marchenko data already exists at Simulated/rmt/noise_0.5_groupsize20/norm_75-percent-corr_clust-250_marchenko.zip
Brody data already exists at Simulated/rmt/noise_0.5_groupsize20/norm_75-percent-corr_clust-250_tr(0,-1)_poly_deg7_brody-mle.zip
NNSD data already exists at Simulated/rmt/noise_0.5_groupsize20/norm_75-percent-corr_clust-250_tr(0,-1)_poly_deg7_nnsd.zip
Rigidity data already exists at Simulated/rmt/noise_0.5_groupsize20/norm_75-percent-corr_clust-250_tr(0,-1)_poly_deg7_rig-maxL-20.zip
Levelvar data already exists at Simulated/rmt/noise_0.5_groupsize20/norm_75-percent-corr_clust-250_tr(0,-1)_poly_deg7_var-maxL-10.zip
Largest eigenvalues already exist at Simulated/rmt/noise_0.5_groupsize20/norm_75-percent-corr_clust-300_largest.zip
Marchenko data already exists at Simulated/rmt/noise_0.5_groupsize20/norm_75-percent-corr_clust-300_marchenko.zip
Brody data already exists at Simulated/rmt/noise_0.5_groupsize20/norm_75-percent-corr_clust-300_tr(0,-1)_poly_deg7_brody-mle.zip
NNSD data already exists at Simulated/rmt/noise_0.5_groupsize20/norm_75-percent-corr_clust-300_tr(0,-1)_poly_deg7_nnsd.zip
Rigidity data already exists at Simulated/rmt/noise_0.5_groupsize20/norm_75-percent-corr_clust-300_tr(0,-1)_poly_deg7_rig-maxL-20.zip
Levelvar data already exists at Simulated/rmt/noise_0.5_groupsize20/norm_75-percent-corr_clust-300_tr(0,-1)_poly_deg7_var-maxL-10.zip
Largest eigenvalues already exist at Simulated/rmt/noise_0.5_groupsize20/norm_75-percent-corr_clust-500_largest.zip
Marchenko data already exists at Simulated/rmt/noise_0.5_groupsize20/norm_75-percent-corr_clust-500_marchenko.zip
Brody data already exists at Simulated/rmt/noise_0.5_groupsize20/norm_75-percent-corr_clust-500_tr(0,-1)_poly_deg7_brody-mle.zip
NNSD data already exists at Simulated/rmt/noise_0.5_groupsize20/norm_75-percent-corr_clust-500_tr(0,-1)_poly_deg7_nnsd.zip
Rigidity data already exists at Simulated/rmt/noise_0.5_groupsize20/norm_75-percent-corr_clust-500_tr(0,-1)_poly_deg7_rig-maxL-20.zip
Levelvar data already exists at Simulated/rmt/noise_0.5_groupsize20/norm_75-percent-corr_clust-500_tr(0,-1)_poly_deg7_var-maxL-10.zip
Largest eigenvalues already exist at Simulated/rmt/noise_0.5_groupsize20/norm_90-percent-corr_clust-1_largest.zip
Marchenko data already exists at Simulated/rmt/noise_0.5_groupsize20/norm_90-percent-corr_clust-1_marchenko.zip
Brody data already exists at Simulated/rmt/noise_0.5_groupsize20/norm_90-percent-corr_clust-1_tr(0,-1)_poly_deg7_brody-mle.zip
NNSD data already exists at Simulated/rmt/noise_0.5_groupsize20/norm_90-percent-corr_clust-1_tr(0,-1)_poly_deg7_nnsd.zip
Rigidity data already exists at Simulated/rmt/noise_0.5_groupsize20/norm_90-percent-corr_clust-1_tr(0,-1)_poly_deg7_rig-maxL-20.zip
Levelvar data already exists at Simulated/rmt/noise_0.5_groupsize20/norm_90-percent-corr_clust-1_tr(0,-1)_poly_deg7_var-maxL-10.zip
Largest eigenvalues already exist at Simulated/rmt/noise_0.5_groupsize20/norm_90-percent-corr_clust-10_largest.zip
Marchenko data already exists at Simulated/rmt/noise_0.5_groupsize20/norm_90-percent-corr_clust-10_marchenko.zip
Brody data already exists at Simulated/rmt/noise_0.5_groupsize20/norm_90-percent-corr_clust-10_tr(0,-1)_poly_deg7_brody-mle.zip
NNSD data already exists at Simulated/rmt/noise_0.5_groupsize20/norm_90-percent-corr_clust-10_tr(0,-1)_poly_deg7_nnsd.zip
Rigidity data already exists at Simulated/rmt/noise_0.5_groupsize20/norm_90-percent-corr_clust-10_tr(0,-1)_poly_deg7_rig-maxL-20.zip
Levelvar data already exists at Simulated/rmt/noise_0.5_groupsize20/norm_90-percent-corr_clust-10_tr(0,-1)_poly_deg7_var-maxL-10.zip
Largest eigenvalues already exist at Simulated/rmt/noise_0.5_groupsize20/norm_90-percent-corr_clust-50_largest.zip
Marchenko data already exists at Simulated/rmt/noise_0.5_groupsize20/norm_90-percent-corr_clust-50_marchenko.zip
Brody data already exists at Simulated/rmt/noise_0.5_groupsize20/norm_90-percent-corr_clust-50_tr(0,-1)_poly_deg7_brody-mle.zip
NNSD data already exists at Simulated/rmt/noise_0.5_groupsize20/norm_90-percent-corr_clust-50_tr(0,-1)_poly_deg7_nnsd.zip
Rigidity data already exists at Simulated/rmt/noise_0.5_groupsize20/norm_90-percent-corr_clust-50_tr(0,-1)_poly_deg7_rig-maxL-20.zip
Levelvar data already exists at Simulated/rmt/noise_0.5_groupsize20/norm_90-percent-corr_clust-50_tr(0,-1)_poly_deg7_var-maxL-10.zip
Largest eigenvalues already exist at Simulated/rmt/noise_0.5_groupsize20/norm_90-percent-corr_clust-75_largest.zip
Marchenko data already exists at Simulated/rmt/noise_0.5_groupsize20/norm_90-percent-corr_clust-75_marchenko.zip
Brody data already exists at Simulated/rmt/noise_0.5_groupsize20/norm_90-percent-corr_clust-75_tr(0,-1)_poly_deg7_brody-mle.zip
NNSD data already exists at Simulated/rmt/noise_0.5_groupsize20/norm_90-percent-corr_clust-75_tr(0,-1)_poly_deg7_nnsd.zip
Rigidity data already exists at Simulated/rmt/noise_0.5_groupsize20/norm_90-percent-corr_clust-75_tr(0,-1)_poly_deg7_rig-maxL-20.zip
Levelvar data already exists at Simulated/rmt/noise_0.5_groupsize20/norm_90-percent-corr_clust-75_tr(0,-1)_poly_deg7_var-maxL-10.zip
Largest eigenvalues already exist at Simulated/rmt/noise_0.5_groupsize20/norm_90-percent-corr_clust-100_largest.zip
Marchenko data already exists at Simulated/rmt/noise_0.5_groupsize20/norm_90-percent-corr_clust-100_marchenko.zip
Brody data already exists at Simulated/rmt/noise_0.5_groupsize20/norm_90-percent-corr_clust-100_tr(0,-1)_poly_deg7_brody-mle.zip
NNSD data already exists at Simulated/rmt/noise_0.5_groupsize20/norm_90-percent-corr_clust-100_tr(0,-1)_poly_deg7_nnsd.zip
Rigidity data already exists at Simulated/rmt/noise_0.5_groupsize20/norm_90-percent-corr_clust-100_tr(0,-1)_poly_deg7_rig-maxL-20.zip
Levelvar data already exists at Simulated/rmt/noise_0.5_groupsize20/norm_90-percent-corr_clust-100_tr(0,-1)_poly_deg7_var-maxL-10.zip
Largest eigenvalues already exist at Simulated/rmt/noise_0.5_groupsize20/norm_90-percent-corr_clust-150_largest.zip
Marchenko data already exists at Simulated/rmt/noise_0.5_groupsize20/norm_90-percent-corr_clust-150_marchenko.zip
Brody data already exists at Simulated/rmt/noise_0.5_groupsize20/norm_90-percent-corr_clust-150_tr(0,-1)_poly_deg7_brody-mle.zip
NNSD data already exists at Simulated/rmt/noise_0.5_groupsize20/norm_90-percent-corr_clust-150_tr(0,-1)_poly_deg7_nnsd.zip
Rigidity data already exists at Simulated/rmt/noise_0.5_groupsize20/norm_90-percent-corr_clust-150_tr(0,-1)_poly_deg7_rig-maxL-20.zip
Levelvar data already exists at Simulated/rmt/noise_0.5_groupsize20/norm_90-percent-corr_clust-150_tr(0,-1)_poly_deg7_var-maxL-10.zip
Largest eigenvalues already exist at Simulated/rmt/noise_0.5_groupsize20/norm_90-percent-corr_clust-200_largest.zip
Marchenko data already exists at Simulated/rmt/noise_0.5_groupsize20/norm_90-percent-corr_clust-200_marchenko.zip
Brody data already exists at Simulated/rmt/noise_0.5_groupsize20/norm_90-percent-corr_clust-200_tr(0,-1)_poly_deg7_brody-mle.zip
NNSD data already exists at Simulated/rmt/noise_0.5_groupsize20/norm_90-percent-corr_clust-200_tr(0,-1)_poly_deg7_nnsd.zip
Rigidity data already exists at Simulated/rmt/noise_0.5_groupsize20/norm_90-percent-corr_clust-200_tr(0,-1)_poly_deg7_rig-maxL-20.zip
Levelvar data already exists at Simulated/rmt/noise_0.5_groupsize20/norm_90-percent-corr_clust-200_tr(0,-1)_poly_deg7_var-maxL-10.zip
Largest eigenvalues already exist at Simulated/rmt/noise_0.5_groupsize20/norm_90-percent-corr_clust-250_largest.zip
Marchenko data already exists at Simulated/rmt/noise_0.5_groupsize20/norm_90-percent-corr_clust-250_marchenko.zip
Brody data already exists at Simulated/rmt/noise_0.5_groupsize20/norm_90-percent-corr_clust-250_tr(0,-1)_poly_deg7_brody-mle.zip
NNSD data already exists at Simulated/rmt/noise_0.5_groupsize20/norm_90-percent-corr_clust-250_tr(0,-1)_poly_deg7_nnsd.zip
Rigidity data already exists at Simulated/rmt/noise_0.5_groupsize20/norm_90-percent-corr_clust-250_tr(0,-1)_poly_deg7_rig-maxL-20.zip
Levelvar data already exists at Simulated/rmt/noise_0.5_groupsize20/norm_90-percent-corr_clust-250_tr(0,-1)_poly_deg7_var-maxL-10.zip
Largest eigenvalues already exist at Simulated/rmt/noise_0.5_groupsize20/norm_90-percent-corr_clust-300_largest.zip
Marchenko data already exists at Simulated/rmt/noise_0.5_groupsize20/norm_90-percent-corr_clust-300_marchenko.zip
Brody data already exists at Simulated/rmt/noise_0.5_groupsize20/norm_90-percent-corr_clust-300_tr(0,-1)_poly_deg7_brody-mle.zip
NNSD data already exists at Simulated/rmt/noise_0.5_groupsize20/norm_90-percent-corr_clust-300_tr(0,-1)_poly_deg7_nnsd.zip
Rigidity data already exists at Simulated/rmt/noise_0.5_groupsize20/norm_90-percent-corr_clust-300_tr(0,-1)_poly_deg7_rig-maxL-20.zip
Levelvar data already exists at Simulated/rmt/noise_0.5_groupsize20/norm_90-percent-corr_clust-300_tr(0,-1)_poly_deg7_var-maxL-10.zip
Largest eigenvalues already exist at Simulated/rmt/noise_0.5_groupsize20/norm_90-percent-corr_clust-500_largest.zip
Marchenko data already exists at Simulated/rmt/noise_0.5_groupsize20/norm_90-percent-corr_clust-500_marchenko.zip
Brody data already exists at Simulated/rmt/noise_0.5_groupsize20/norm_90-percent-corr_clust-500_tr(0,-1)_poly_deg7_brody-mle.zip
NNSD data already exists at Simulated/rmt/noise_0.5_groupsize20/norm_90-percent-corr_clust-500_tr(0,-1)_poly_deg7_nnsd.zip
Rigidity data already exists at Simulated/rmt/noise_0.5_groupsize20/norm_90-percent-corr_clust-500_tr(0,-1)_poly_deg7_rig-maxL-20.zip
Levelvar data already exists at Simulated/rmt/noise_0.5_groupsize20/norm_90-percent-corr_clust-500_tr(0,-1)_poly_deg7_var-maxL-10.zip
Largest eigenvalues already exist at Simulated/rmt/noise_0.5_groupsize20/unif_10-percent-corr_clust-1_largest.zip
Marchenko data already exists at Simulated/rmt/noise_0.5_groupsize20/unif_10-percent-corr_clust-1_marchenko.zip
Brody data already exists at Simulated/rmt/noise_0.5_groupsize20/unif_10-percent-corr_clust-1_tr(0,-1)_poly_deg7_brody-mle.zip
NNSD data already exists at Simulated/rmt/noise_0.5_groupsize20/unif_10-percent-corr_clust-1_tr(0,-1)_poly_deg7_nnsd.zip
Rigidity data already exists at Simulated/rmt/noise_0.5_groupsize20/unif_10-percent-corr_clust-1_tr(0,-1)_poly_deg7_rig-maxL-20.zip
Levelvar data already exists at Simulated/rmt/noise_0.5_groupsize20/unif_10-percent-corr_clust-1_tr(0,-1)_poly_deg7_var-maxL-10.zip
Largest eigenvalues already exist at Simulated/rmt/noise_0.5_groupsize20/unif_10-percent-corr_clust-10_largest.zip
Marchenko data already exists at Simulated/rmt/noise_0.5_groupsize20/unif_10-percent-corr_clust-10_marchenko.zip
Brody data already exists at Simulated/rmt/noise_0.5_groupsize20/unif_10-percent-corr_clust-10_tr(0,-1)_poly_deg7_brody-mle.zip
NNSD data already exists at Simulated/rmt/noise_0.5_groupsize20/unif_10-percent-corr_clust-10_tr(0,-1)_poly_deg7_nnsd.zip
Rigidity data already exists at Simulated/rmt/noise_0.5_groupsize20/unif_10-percent-corr_clust-10_tr(0,-1)_poly_deg7_rig-maxL-20.zip
Levelvar data already exists at Simulated/rmt/noise_0.5_groupsize20/unif_10-percent-corr_clust-10_tr(0,-1)_poly_deg7_var-maxL-10.zip
Largest eigenvalues already exist at Simulated/rmt/noise_0.5_groupsize20/unif_10-percent-corr_clust-50_largest.zip
Marchenko data already exists at Simulated/rmt/noise_0.5_groupsize20/unif_10-percent-corr_clust-50_marchenko.zip
Brody data already exists at Simulated/rmt/noise_0.5_groupsize20/unif_10-percent-corr_clust-50_tr(0,-1)_poly_deg7_brody-mle.zip
NNSD data already exists at Simulated/rmt/noise_0.5_groupsize20/unif_10-percent-corr_clust-50_tr(0,-1)_poly_deg7_nnsd.zip
Rigidity data already exists at Simulated/rmt/noise_0.5_groupsize20/unif_10-percent-corr_clust-50_tr(0,-1)_poly_deg7_rig-maxL-20.zip
Levelvar data already exists at Simulated/rmt/noise_0.5_groupsize20/unif_10-percent-corr_clust-50_tr(0,-1)_poly_deg7_var-maxL-10.zip
Largest eigenvalues already exist at Simulated/rmt/noise_0.5_groupsize20/unif_10-percent-corr_clust-75_largest.zip
Marchenko data already exists at Simulated/rmt/noise_0.5_groupsize20/unif_10-percent-corr_clust-75_marchenko.zip
Brody data already exists at Simulated/rmt/noise_0.5_groupsize20/unif_10-percent-corr_clust-75_tr(0,-1)_poly_deg7_brody-mle.zip
NNSD data already exists at Simulated/rmt/noise_0.5_groupsize20/unif_10-percent-corr_clust-75_tr(0,-1)_poly_deg7_nnsd.zip
Rigidity data already exists at Simulated/rmt/noise_0.5_groupsize20/unif_10-percent-corr_clust-75_tr(0,-1)_poly_deg7_rig-maxL-20.zip
Levelvar data already exists at Simulated/rmt/noise_0.5_groupsize20/unif_10-percent-corr_clust-75_tr(0,-1)_poly_deg7_var-maxL-10.zip
Largest eigenvalues already exist at Simulated/rmt/noise_0.5_groupsize20/unif_10-percent-corr_clust-100_largest.zip
Marchenko data already exists at Simulated/rmt/noise_0.5_groupsize20/unif_10-percent-corr_clust-100_marchenko.zip
Brody data already exists at Simulated/rmt/noise_0.5_groupsize20/unif_10-percent-corr_clust-100_tr(0,-1)_poly_deg7_brody-mle.zip
NNSD data already exists at Simulated/rmt/noise_0.5_groupsize20/unif_10-percent-corr_clust-100_tr(0,-1)_poly_deg7_nnsd.zip
Rigidity data already exists at Simulated/rmt/noise_0.5_groupsize20/unif_10-percent-corr_clust-100_tr(0,-1)_poly_deg7_rig-maxL-20.zip
Levelvar data already exists at Simulated/rmt/noise_0.5_groupsize20/unif_10-percent-corr_clust-100_tr(0,-1)_poly_deg7_var-maxL-10.zip
Largest eigenvalues already exist at Simulated/rmt/noise_0.5_groupsize20/unif_10-percent-corr_clust-150_largest.zip
Marchenko data already exists at Simulated/rmt/noise_0.5_groupsize20/unif_10-percent-corr_clust-150_marchenko.zip
Brody data already exists at Simulated/rmt/noise_0.5_groupsize20/unif_10-percent-corr_clust-150_tr(0,-1)_poly_deg7_brody-mle.zip
NNSD data already exists at Simulated/rmt/noise_0.5_groupsize20/unif_10-percent-corr_clust-150_tr(0,-1)_poly_deg7_nnsd.zip
Rigidity data already exists at Simulated/rmt/noise_0.5_groupsize20/unif_10-percent-corr_clust-150_tr(0,-1)_poly_deg7_rig-maxL-20.zip
Levelvar data already exists at Simulated/rmt/noise_0.5_groupsize20/unif_10-percent-corr_clust-150_tr(0,-1)_poly_deg7_var-maxL-10.zip
Largest eigenvalues already exist at Simulated/rmt/noise_0.5_groupsize20/unif_10-percent-corr_clust-200_largest.zip
Marchenko data already exists at Simulated/rmt/noise_0.5_groupsize20/unif_10-percent-corr_clust-200_marchenko.zip
Brody data already exists at Simulated/rmt/noise_0.5_groupsize20/unif_10-percent-corr_clust-200_tr(0,-1)_poly_deg7_brody-mle.zip
NNSD data already exists at Simulated/rmt/noise_0.5_groupsize20/unif_10-percent-corr_clust-200_tr(0,-1)_poly_deg7_nnsd.zip
Rigidity data already exists at Simulated/rmt/noise_0.5_groupsize20/unif_10-percent-corr_clust-200_tr(0,-1)_poly_deg7_rig-maxL-20.zip
Levelvar data already exists at Simulated/rmt/noise_0.5_groupsize20/unif_10-percent-corr_clust-200_tr(0,-1)_poly_deg7_var-maxL-10.zip
Largest eigenvalues already exist at Simulated/rmt/noise_0.5_groupsize20/unif_10-percent-corr_clust-250_largest.zip
Marchenko data already exists at Simulated/rmt/noise_0.5_groupsize20/unif_10-percent-corr_clust-250_marchenko.zip
Brody data already exists at Simulated/rmt/noise_0.5_groupsize20/unif_10-percent-corr_clust-250_tr(0,-1)_poly_deg7_brody-mle.zip
NNSD data already exists at Simulated/rmt/noise_0.5_groupsize20/unif_10-percent-corr_clust-250_tr(0,-1)_poly_deg7_nnsd.zip
Rigidity data already exists at Simulated/rmt/noise_0.5_groupsize20/unif_10-percent-corr_clust-250_tr(0,-1)_poly_deg7_rig-maxL-20.zip
Levelvar data already exists at Simulated/rmt/noise_0.5_groupsize20/unif_10-percent-corr_clust-250_tr(0,-1)_poly_deg7_var-maxL-10.zip
Largest eigenvalues already exist at Simulated/rmt/noise_0.5_groupsize20/unif_10-percent-corr_clust-300_largest.zip
Marchenko data already exists at Simulated/rmt/noise_0.5_groupsize20/unif_10-percent-corr_clust-300_marchenko.zip
Brody data already exists at Simulated/rmt/noise_0.5_groupsize20/unif_10-percent-corr_clust-300_tr(0,-1)_poly_deg7_brody-mle.zip
NNSD data already exists at Simulated/rmt/noise_0.5_groupsize20/unif_10-percent-corr_clust-300_tr(0,-1)_poly_deg7_nnsd.zip
Rigidity data already exists at Simulated/rmt/noise_0.5_groupsize20/unif_10-percent-corr_clust-300_tr(0,-1)_poly_deg7_rig-maxL-20.zip
Levelvar data already exists at Simulated/rmt/noise_0.5_groupsize20/unif_10-percent-corr_clust-300_tr(0,-1)_poly_deg7_var-maxL-10.zip
Largest eigenvalues already exist at Simulated/rmt/noise_0.5_groupsize20/unif_10-percent-corr_clust-500_largest.zip
Marchenko data already exists at Simulated/rmt/noise_0.5_groupsize20/unif_10-percent-corr_clust-500_marchenko.zip
Brody data already exists at Simulated/rmt/noise_0.5_groupsize20/unif_10-percent-corr_clust-500_tr(0,-1)_poly_deg7_brody-mle.zip
NNSD data already exists at Simulated/rmt/noise_0.5_groupsize20/unif_10-percent-corr_clust-500_tr(0,-1)_poly_deg7_nnsd.zip
Rigidity data already exists at Simulated/rmt/noise_0.5_groupsize20/unif_10-percent-corr_clust-500_tr(0,-1)_poly_deg7_rig-maxL-20.zip
Levelvar data already exists at Simulated/rmt/noise_0.5_groupsize20/unif_10-percent-corr_clust-500_tr(0,-1)_poly_deg7_var-maxL-10.zip
Largest eigenvalues already exist at Simulated/rmt/noise_0.5_groupsize20/unif_25-percent-corr_clust-1_largest.zip
Marchenko data already exists at Simulated/rmt/noise_0.5_groupsize20/unif_25-percent-corr_clust-1_marchenko.zip
Brody data already exists at Simulated/rmt/noise_0.5_groupsize20/unif_25-percent-corr_clust-1_tr(0,-1)_poly_deg7_brody-mle.zip
NNSD data already exists at Simulated/rmt/noise_0.5_groupsize20/unif_25-percent-corr_clust-1_tr(0,-1)_poly_deg7_nnsd.zip
Rigidity data already exists at Simulated/rmt/noise_0.5_groupsize20/unif_25-percent-corr_clust-1_tr(0,-1)_poly_deg7_rig-maxL-20.zip
Levelvar data already exists at Simulated/rmt/noise_0.5_groupsize20/unif_25-percent-corr_clust-1_tr(0,-1)_poly_deg7_var-maxL-10.zip
Largest eigenvalues already exist at Simulated/rmt/noise_0.5_groupsize20/unif_25-percent-corr_clust-10_largest.zip
Marchenko data already exists at Simulated/rmt/noise_0.5_groupsize20/unif_25-percent-corr_clust-10_marchenko.zip
Brody data already exists at Simulated/rmt/noise_0.5_groupsize20/unif_25-percent-corr_clust-10_tr(0,-1)_poly_deg7_brody-mle.zip
NNSD data already exists at Simulated/rmt/noise_0.5_groupsize20/unif_25-percent-corr_clust-10_tr(0,-1)_poly_deg7_nnsd.zip
Rigidity data already exists at Simulated/rmt/noise_0.5_groupsize20/unif_25-percent-corr_clust-10_tr(0,-1)_poly_deg7_rig-maxL-20.zip
Levelvar data already exists at Simulated/rmt/noise_0.5_groupsize20/unif_25-percent-corr_clust-10_tr(0,-1)_poly_deg7_var-maxL-10.zip
Largest eigenvalues already exist at Simulated/rmt/noise_0.5_groupsize20/unif_25-percent-corr_clust-50_largest.zip
Marchenko data already exists at Simulated/rmt/noise_0.5_groupsize20/unif_25-percent-corr_clust-50_marchenko.zip
Brody data already exists at Simulated/rmt/noise_0.5_groupsize20/unif_25-percent-corr_clust-50_tr(0,-1)_poly_deg7_brody-mle.zip
NNSD data already exists at Simulated/rmt/noise_0.5_groupsize20/unif_25-percent-corr_clust-50_tr(0,-1)_poly_deg7_nnsd.zip
Rigidity data already exists at Simulated/rmt/noise_0.5_groupsize20/unif_25-percent-corr_clust-50_tr(0,-1)_poly_deg7_rig-maxL-20.zip
Levelvar data already exists at Simulated/rmt/noise_0.5_groupsize20/unif_25-percent-corr_clust-50_tr(0,-1)_poly_deg7_var-maxL-10.zip
Largest eigenvalues already exist at Simulated/rmt/noise_0.5_groupsize20/unif_25-percent-corr_clust-75_largest.zip
Marchenko data already exists at Simulated/rmt/noise_0.5_groupsize20/unif_25-percent-corr_clust-75_marchenko.zip
Brody data already exists at Simulated/rmt/noise_0.5_groupsize20/unif_25-percent-corr_clust-75_tr(0,-1)_poly_deg7_brody-mle.zip
NNSD data already exists at Simulated/rmt/noise_0.5_groupsize20/unif_25-percent-corr_clust-75_tr(0,-1)_poly_deg7_nnsd.zip
Rigidity data already exists at Simulated/rmt/noise_0.5_groupsize20/unif_25-percent-corr_clust-75_tr(0,-1)_poly_deg7_rig-maxL-20.zip
Levelvar data already exists at Simulated/rmt/noise_0.5_groupsize20/unif_25-percent-corr_clust-75_tr(0,-1)_poly_deg7_var-maxL-10.zip
Largest eigenvalues already exist at Simulated/rmt/noise_0.5_groupsize20/unif_25-percent-corr_clust-100_largest.zip
Marchenko data already exists at Simulated/rmt/noise_0.5_groupsize20/unif_25-percent-corr_clust-100_marchenko.zip
Brody data already exists at Simulated/rmt/noise_0.5_groupsize20/unif_25-percent-corr_clust-100_tr(0,-1)_poly_deg7_brody-mle.zip
NNSD data already exists at Simulated/rmt/noise_0.5_groupsize20/unif_25-percent-corr_clust-100_tr(0,-1)_poly_deg7_nnsd.zip
Rigidity data already exists at Simulated/rmt/noise_0.5_groupsize20/unif_25-percent-corr_clust-100_tr(0,-1)_poly_deg7_rig-maxL-20.zip
Levelvar data already exists at Simulated/rmt/noise_0.5_groupsize20/unif_25-percent-corr_clust-100_tr(0,-1)_poly_deg7_var-maxL-10.zip
Largest eigenvalues already exist at Simulated/rmt/noise_0.5_groupsize20/unif_25-percent-corr_clust-150_largest.zip
Marchenko data already exists at Simulated/rmt/noise_0.5_groupsize20/unif_25-percent-corr_clust-150_marchenko.zip
Brody data already exists at Simulated/rmt/noise_0.5_groupsize20/unif_25-percent-corr_clust-150_tr(0,-1)_poly_deg7_brody-mle.zip
NNSD data already exists at Simulated/rmt/noise_0.5_groupsize20/unif_25-percent-corr_clust-150_tr(0,-1)_poly_deg7_nnsd.zip
Rigidity data already exists at Simulated/rmt/noise_0.5_groupsize20/unif_25-percent-corr_clust-150_tr(0,-1)_poly_deg7_rig-maxL-20.zip
Levelvar data already exists at Simulated/rmt/noise_0.5_groupsize20/unif_25-percent-corr_clust-150_tr(0,-1)_poly_deg7_var-maxL-10.zip
Largest eigenvalues already exist at Simulated/rmt/noise_0.5_groupsize20/unif_25-percent-corr_clust-200_largest.zip
Marchenko data already exists at Simulated/rmt/noise_0.5_groupsize20/unif_25-percent-corr_clust-200_marchenko.zip
Brody data already exists at Simulated/rmt/noise_0.5_groupsize20/unif_25-percent-corr_clust-200_tr(0,-1)_poly_deg7_brody-mle.zip
NNSD data already exists at Simulated/rmt/noise_0.5_groupsize20/unif_25-percent-corr_clust-200_tr(0,-1)_poly_deg7_nnsd.zip
Rigidity data already exists at Simulated/rmt/noise_0.5_groupsize20/unif_25-percent-corr_clust-200_tr(0,-1)_poly_deg7_rig-maxL-20.zip
Levelvar data already exists at Simulated/rmt/noise_0.5_groupsize20/unif_25-percent-corr_clust-200_tr(0,-1)_poly_deg7_var-maxL-10.zip
Largest eigenvalues already exist at Simulated/rmt/noise_0.5_groupsize20/unif_25-percent-corr_clust-250_largest.zip
Marchenko data already exists at Simulated/rmt/noise_0.5_groupsize20/unif_25-percent-corr_clust-250_marchenko.zip
Brody data already exists at Simulated/rmt/noise_0.5_groupsize20/unif_25-percent-corr_clust-250_tr(0,-1)_poly_deg7_brody-mle.zip
NNSD data already exists at Simulated/rmt/noise_0.5_groupsize20/unif_25-percent-corr_clust-250_tr(0,-1)_poly_deg7_nnsd.zip
Rigidity data already exists at Simulated/rmt/noise_0.5_groupsize20/unif_25-percent-corr_clust-250_tr(0,-1)_poly_deg7_rig-maxL-20.zip
Levelvar data already exists at Simulated/rmt/noise_0.5_groupsize20/unif_25-percent-corr_clust-250_tr(0,-1)_poly_deg7_var-maxL-10.zip
Largest eigenvalues already exist at Simulated/rmt/noise_0.5_groupsize20/unif_25-percent-corr_clust-300_largest.zip
Marchenko data already exists at Simulated/rmt/noise_0.5_groupsize20/unif_25-percent-corr_clust-300_marchenko.zip
Brody data already exists at Simulated/rmt/noise_0.5_groupsize20/unif_25-percent-corr_clust-300_tr(0,-1)_poly_deg7_brody-mle.zip
NNSD data already exists at Simulated/rmt/noise_0.5_groupsize20/unif_25-percent-corr_clust-300_tr(0,-1)_poly_deg7_nnsd.zip
Rigidity data already exists at Simulated/rmt/noise_0.5_groupsize20/unif_25-percent-corr_clust-300_tr(0,-1)_poly_deg7_rig-maxL-20.zip
Levelvar data already exists at Simulated/rmt/noise_0.5_groupsize20/unif_25-percent-corr_clust-300_tr(0,-1)_poly_deg7_var-maxL-10.zip
Largest eigenvalues already exist at Simulated/rmt/noise_0.5_groupsize20/unif_25-percent-corr_clust-500_largest.zip
Marchenko data already exists at Simulated/rmt/noise_0.5_groupsize20/unif_25-percent-corr_clust-500_marchenko.zip
Brody data already exists at Simulated/rmt/noise_0.5_groupsize20/unif_25-percent-corr_clust-500_tr(0,-1)_poly_deg7_brody-mle.zip
NNSD data already exists at Simulated/rmt/noise_0.5_groupsize20/unif_25-percent-corr_clust-500_tr(0,-1)_poly_deg7_nnsd.zip
Rigidity data already exists at Simulated/rmt/noise_0.5_groupsize20/unif_25-percent-corr_clust-500_tr(0,-1)_poly_deg7_rig-maxL-20.zip
Levelvar data already exists at Simulated/rmt/noise_0.5_groupsize20/unif_25-percent-corr_clust-500_tr(0,-1)_poly_deg7_var-maxL-10.zip
Largest eigenvalues already exist at Simulated/rmt/noise_0.5_groupsize20/unif_50-percent-corr_clust-1_largest.zip
Marchenko data already exists at Simulated/rmt/noise_0.5_groupsize20/unif_50-percent-corr_clust-1_marchenko.zip
Brody data already exists at Simulated/rmt/noise_0.5_groupsize20/unif_50-percent-corr_clust-1_tr(0,-1)_poly_deg7_brody-mle.zip
NNSD data already exists at Simulated/rmt/noise_0.5_groupsize20/unif_50-percent-corr_clust-1_tr(0,-1)_poly_deg7_nnsd.zip
Rigidity data already exists at Simulated/rmt/noise_0.5_groupsize20/unif_50-percent-corr_clust-1_tr(0,-1)_poly_deg7_rig-maxL-20.zip
Levelvar data already exists at Simulated/rmt/noise_0.5_groupsize20/unif_50-percent-corr_clust-1_tr(0,-1)_poly_deg7_var-maxL-10.zip
Largest eigenvalues already exist at Simulated/rmt/noise_0.5_groupsize20/unif_50-percent-corr_clust-10_largest.zip
Marchenko data already exists at Simulated/rmt/noise_0.5_groupsize20/unif_50-percent-corr_clust-10_marchenko.zip
Brody data already exists at Simulated/rmt/noise_0.5_groupsize20/unif_50-percent-corr_clust-10_tr(0,-1)_poly_deg7_brody-mle.zip
NNSD data already exists at Simulated/rmt/noise_0.5_groupsize20/unif_50-percent-corr_clust-10_tr(0,-1)_poly_deg7_nnsd.zip
Rigidity data already exists at Simulated/rmt/noise_0.5_groupsize20/unif_50-percent-corr_clust-10_tr(0,-1)_poly_deg7_rig-maxL-20.zip
Levelvar data already exists at Simulated/rmt/noise_0.5_groupsize20/unif_50-percent-corr_clust-10_tr(0,-1)_poly_deg7_var-maxL-10.zip
Largest eigenvalues already exist at Simulated/rmt/noise_0.5_groupsize20/unif_50-percent-corr_clust-50_largest.zip
Marchenko data already exists at Simulated/rmt/noise_0.5_groupsize20/unif_50-percent-corr_clust-50_marchenko.zip
Brody data already exists at Simulated/rmt/noise_0.5_groupsize20/unif_50-percent-corr_clust-50_tr(0,-1)_poly_deg7_brody-mle.zip
NNSD data already exists at Simulated/rmt/noise_0.5_groupsize20/unif_50-percent-corr_clust-50_tr(0,-1)_poly_deg7_nnsd.zip
Rigidity data already exists at Simulated/rmt/noise_0.5_groupsize20/unif_50-percent-corr_clust-50_tr(0,-1)_poly_deg7_rig-maxL-20.zip
Levelvar data already exists at Simulated/rmt/noise_0.5_groupsize20/unif_50-percent-corr_clust-50_tr(0,-1)_poly_deg7_var-maxL-10.zip
Largest eigenvalues already exist at Simulated/rmt/noise_0.5_groupsize20/unif_50-percent-corr_clust-75_largest.zip
Marchenko data already exists at Simulated/rmt/noise_0.5_groupsize20/unif_50-percent-corr_clust-75_marchenko.zip
Brody data already exists at Simulated/rmt/noise_0.5_groupsize20/unif_50-percent-corr_clust-75_tr(0,-1)_poly_deg7_brody-mle.zip
NNSD data already exists at Simulated/rmt/noise_0.5_groupsize20/unif_50-percent-corr_clust-75_tr(0,-1)_poly_deg7_nnsd.zip
Rigidity data already exists at Simulated/rmt/noise_0.5_groupsize20/unif_50-percent-corr_clust-75_tr(0,-1)_poly_deg7_rig-maxL-20.zip
Levelvar data already exists at Simulated/rmt/noise_0.5_groupsize20/unif_50-percent-corr_clust-75_tr(0,-1)_poly_deg7_var-maxL-10.zip
Largest eigenvalues already exist at Simulated/rmt/noise_0.5_groupsize20/unif_50-percent-corr_clust-100_largest.zip
Marchenko data already exists at Simulated/rmt/noise_0.5_groupsize20/unif_50-percent-corr_clust-100_marchenko.zip
Brody data already exists at Simulated/rmt/noise_0.5_groupsize20/unif_50-percent-corr_clust-100_tr(0,-1)_poly_deg7_brody-mle.zip
NNSD data already exists at Simulated/rmt/noise_0.5_groupsize20/unif_50-percent-corr_clust-100_tr(0,-1)_poly_deg7_nnsd.zip
Rigidity data already exists at Simulated/rmt/noise_0.5_groupsize20/unif_50-percent-corr_clust-100_tr(0,-1)_poly_deg7_rig-maxL-20.zip
Levelvar data already exists at Simulated/rmt/noise_0.5_groupsize20/unif_50-percent-corr_clust-100_tr(0,-1)_poly_deg7_var-maxL-10.zip
Largest eigenvalues already exist at Simulated/rmt/noise_0.5_groupsize20/unif_50-percent-corr_clust-150_largest.zip
Marchenko data already exists at Simulated/rmt/noise_0.5_groupsize20/unif_50-percent-corr_clust-150_marchenko.zip
Brody data already exists at Simulated/rmt/noise_0.5_groupsize20/unif_50-percent-corr_clust-150_tr(0,-1)_poly_deg7_brody-mle.zip
NNSD data already exists at Simulated/rmt/noise_0.5_groupsize20/unif_50-percent-corr_clust-150_tr(0,-1)_poly_deg7_nnsd.zip
Rigidity data already exists at Simulated/rmt/noise_0.5_groupsize20/unif_50-percent-corr_clust-150_tr(0,-1)_poly_deg7_rig-maxL-20.zip
Levelvar data already exists at Simulated/rmt/noise_0.5_groupsize20/unif_50-percent-corr_clust-150_tr(0,-1)_poly_deg7_var-maxL-10.zip
Largest eigenvalues already exist at Simulated/rmt/noise_0.5_groupsize20/unif_50-percent-corr_clust-200_largest.zip
Marchenko data already exists at Simulated/rmt/noise_0.5_groupsize20/unif_50-percent-corr_clust-200_marchenko.zip
Brody data already exists at Simulated/rmt/noise_0.5_groupsize20/unif_50-percent-corr_clust-200_tr(0,-1)_poly_deg7_brody-mle.zip
NNSD data already exists at Simulated/rmt/noise_0.5_groupsize20/unif_50-percent-corr_clust-200_tr(0,-1)_poly_deg7_nnsd.zip
Rigidity data already exists at Simulated/rmt/noise_0.5_groupsize20/unif_50-percent-corr_clust-200_tr(0,-1)_poly_deg7_rig-maxL-20.zip
Levelvar data already exists at Simulated/rmt/noise_0.5_groupsize20/unif_50-percent-corr_clust-200_tr(0,-1)_poly_deg7_var-maxL-10.zip
Largest eigenvalues already exist at Simulated/rmt/noise_0.5_groupsize20/unif_50-percent-corr_clust-250_largest.zip
Marchenko data already exists at Simulated/rmt/noise_0.5_groupsize20/unif_50-percent-corr_clust-250_marchenko.zip
Brody data already exists at Simulated/rmt/noise_0.5_groupsize20/unif_50-percent-corr_clust-250_tr(0,-1)_poly_deg7_brody-mle.zip
NNSD data already exists at Simulated/rmt/noise_0.5_groupsize20/unif_50-percent-corr_clust-250_tr(0,-1)_poly_deg7_nnsd.zip
Rigidity data already exists at Simulated/rmt/noise_0.5_groupsize20/unif_50-percent-corr_clust-250_tr(0,-1)_poly_deg7_rig-maxL-20.zip
Levelvar data already exists at Simulated/rmt/noise_0.5_groupsize20/unif_50-percent-corr_clust-250_tr(0,-1)_poly_deg7_var-maxL-10.zip
Largest eigenvalues already exist at Simulated/rmt/noise_0.5_groupsize20/unif_50-percent-corr_clust-300_largest.zip
Marchenko data already exists at Simulated/rmt/noise_0.5_groupsize20/unif_50-percent-corr_clust-300_marchenko.zip
Brody data already exists at Simulated/rmt/noise_0.5_groupsize20/unif_50-percent-corr_clust-300_tr(0,-1)_poly_deg7_brody-mle.zip
NNSD data already exists at Simulated/rmt/noise_0.5_groupsize20/unif_50-percent-corr_clust-300_tr(0,-1)_poly_deg7_nnsd.zip
Rigidity data already exists at Simulated/rmt/noise_0.5_groupsize20/unif_50-percent-corr_clust-300_tr(0,-1)_poly_deg7_rig-maxL-20.zip
Levelvar data already exists at Simulated/rmt/noise_0.5_groupsize20/unif_50-percent-corr_clust-300_tr(0,-1)_poly_deg7_var-maxL-10.zip
Largest eigenvalues already exist at Simulated/rmt/noise_0.5_groupsize20/unif_50-percent-corr_clust-500_largest.zip
Marchenko data already exists at Simulated/rmt/noise_0.5_groupsize20/unif_50-percent-corr_clust-500_marchenko.zip
Brody data already exists at Simulated/rmt/noise_0.5_groupsize20/unif_50-percent-corr_clust-500_tr(0,-1)_poly_deg7_brody-mle.zip
NNSD data already exists at Simulated/rmt/noise_0.5_groupsize20/unif_50-percent-corr_clust-500_tr(0,-1)_poly_deg7_nnsd.zip
Rigidity data already exists at Simulated/rmt/noise_0.5_groupsize20/unif_50-percent-corr_clust-500_tr(0,-1)_poly_deg7_rig-maxL-20.zip
Levelvar data already exists at Simulated/rmt/noise_0.5_groupsize20/unif_50-percent-corr_clust-500_tr(0,-1)_poly_deg7_var-maxL-10.zip
Largest eigenvalues already exist at Simulated/rmt/noise_0.5_groupsize20/unif_75-percent-corr_clust-1_largest.zip
Marchenko data already exists at Simulated/rmt/noise_0.5_groupsize20/unif_75-percent-corr_clust-1_marchenko.zip
Brody data already exists at Simulated/rmt/noise_0.5_groupsize20/unif_75-percent-corr_clust-1_tr(0,-1)_poly_deg7_brody-mle.zip
NNSD data already exists at Simulated/rmt/noise_0.5_groupsize20/unif_75-percent-corr_clust-1_tr(0,-1)_poly_deg7_nnsd.zip
Rigidity data already exists at Simulated/rmt/noise_0.5_groupsize20/unif_75-percent-corr_clust-1_tr(0,-1)_poly_deg7_rig-maxL-20.zip
Levelvar data already exists at Simulated/rmt/noise_0.5_groupsize20/unif_75-percent-corr_clust-1_tr(0,-1)_poly_deg7_var-maxL-10.zip
Largest eigenvalues already exist at Simulated/rmt/noise_0.5_groupsize20/unif_75-percent-corr_clust-10_largest.zip
Marchenko data already exists at Simulated/rmt/noise_0.5_groupsize20/unif_75-percent-corr_clust-10_marchenko.zip
Brody data already exists at Simulated/rmt/noise_0.5_groupsize20/unif_75-percent-corr_clust-10_tr(0,-1)_poly_deg7_brody-mle.zip
NNSD data already exists at Simulated/rmt/noise_0.5_groupsize20/unif_75-percent-corr_clust-10_tr(0,-1)_poly_deg7_nnsd.zip
Rigidity data already exists at Simulated/rmt/noise_0.5_groupsize20/unif_75-percent-corr_clust-10_tr(0,-1)_poly_deg7_rig-maxL-20.zip
Levelvar data already exists at Simulated/rmt/noise_0.5_groupsize20/unif_75-percent-corr_clust-10_tr(0,-1)_poly_deg7_var-maxL-10.zip
Largest eigenvalues already exist at Simulated/rmt/noise_0.5_groupsize20/unif_75-percent-corr_clust-50_largest.zip
Marchenko data already exists at Simulated/rmt/noise_0.5_groupsize20/unif_75-percent-corr_clust-50_marchenko.zip
Brody data already exists at Simulated/rmt/noise_0.5_groupsize20/unif_75-percent-corr_clust-50_tr(0,-1)_poly_deg7_brody-mle.zip
NNSD data already exists at Simulated/rmt/noise_0.5_groupsize20/unif_75-percent-corr_clust-50_tr(0,-1)_poly_deg7_nnsd.zip
Rigidity data already exists at Simulated/rmt/noise_0.5_groupsize20/unif_75-percent-corr_clust-50_tr(0,-1)_poly_deg7_rig-maxL-20.zip
Levelvar data already exists at Simulated/rmt/noise_0.5_groupsize20/unif_75-percent-corr_clust-50_tr(0,-1)_poly_deg7_var-maxL-10.zip
Largest eigenvalues already exist at Simulated/rmt/noise_0.5_groupsize20/unif_75-percent-corr_clust-75_largest.zip
Marchenko data already exists at Simulated/rmt/noise_0.5_groupsize20/unif_75-percent-corr_clust-75_marchenko.zip
Brody data already exists at Simulated/rmt/noise_0.5_groupsize20/unif_75-percent-corr_clust-75_tr(0,-1)_poly_deg7_brody-mle.zip
NNSD data already exists at Simulated/rmt/noise_0.5_groupsize20/unif_75-percent-corr_clust-75_tr(0,-1)_poly_deg7_nnsd.zip
Rigidity data already exists at Simulated/rmt/noise_0.5_groupsize20/unif_75-percent-corr_clust-75_tr(0,-1)_poly_deg7_rig-maxL-20.zip
Levelvar data already exists at Simulated/rmt/noise_0.5_groupsize20/unif_75-percent-corr_clust-75_tr(0,-1)_poly_deg7_var-maxL-10.zip
Largest eigenvalues already exist at Simulated/rmt/noise_0.5_groupsize20/unif_75-percent-corr_clust-100_largest.zip
Marchenko data already exists at Simulated/rmt/noise_0.5_groupsize20/unif_75-percent-corr_clust-100_marchenko.zip
Brody data already exists at Simulated/rmt/noise_0.5_groupsize20/unif_75-percent-corr_clust-100_tr(0,-1)_poly_deg7_brody-mle.zip
NNSD data already exists at Simulated/rmt/noise_0.5_groupsize20/unif_75-percent-corr_clust-100_tr(0,-1)_poly_deg7_nnsd.zip
Rigidity data already exists at Simulated/rmt/noise_0.5_groupsize20/unif_75-percent-corr_clust-100_tr(0,-1)_poly_deg7_rig-maxL-20.zip
Levelvar data already exists at Simulated/rmt/noise_0.5_groupsize20/unif_75-percent-corr_clust-100_tr(0,-1)_poly_deg7_var-maxL-10.zip
Largest eigenvalues already exist at Simulated/rmt/noise_0.5_groupsize20/unif_75-percent-corr_clust-150_largest.zip
Marchenko data already exists at Simulated/rmt/noise_0.5_groupsize20/unif_75-percent-corr_clust-150_marchenko.zip
Brody data already exists at Simulated/rmt/noise_0.5_groupsize20/unif_75-percent-corr_clust-150_tr(0,-1)_poly_deg7_brody-mle.zip
NNSD data already exists at Simulated/rmt/noise_0.5_groupsize20/unif_75-percent-corr_clust-150_tr(0,-1)_poly_deg7_nnsd.zip
Rigidity data already exists at Simulated/rmt/noise_0.5_groupsize20/unif_75-percent-corr_clust-150_tr(0,-1)_poly_deg7_rig-maxL-20.zip
Levelvar data already exists at Simulated/rmt/noise_0.5_groupsize20/unif_75-percent-corr_clust-150_tr(0,-1)_poly_deg7_var-maxL-10.zip
Largest eigenvalues already exist at Simulated/rmt/noise_0.5_groupsize20/unif_75-percent-corr_clust-200_largest.zip
Marchenko data already exists at Simulated/rmt/noise_0.5_groupsize20/unif_75-percent-corr_clust-200_marchenko.zip
Brody data already exists at Simulated/rmt/noise_0.5_groupsize20/unif_75-percent-corr_clust-200_tr(0,-1)_poly_deg7_brody-mle.zip
NNSD data already exists at Simulated/rmt/noise_0.5_groupsize20/unif_75-percent-corr_clust-200_tr(0,-1)_poly_deg7_nnsd.zip
Rigidity data already exists at Simulated/rmt/noise_0.5_groupsize20/unif_75-percent-corr_clust-200_tr(0,-1)_poly_deg7_rig-maxL-20.zip
Levelvar data already exists at Simulated/rmt/noise_0.5_groupsize20/unif_75-percent-corr_clust-200_tr(0,-1)_poly_deg7_var-maxL-10.zip
Largest eigenvalues already exist at Simulated/rmt/noise_0.5_groupsize20/unif_75-percent-corr_clust-250_largest.zip
Marchenko data already exists at Simulated/rmt/noise_0.5_groupsize20/unif_75-percent-corr_clust-250_marchenko.zip
Brody data already exists at Simulated/rmt/noise_0.5_groupsize20/unif_75-percent-corr_clust-250_tr(0,-1)_poly_deg7_brody-mle.zip
NNSD data already exists at Simulated/rmt/noise_0.5_groupsize20/unif_75-percent-corr_clust-250_tr(0,-1)_poly_deg7_nnsd.zip
Rigidity data already exists at Simulated/rmt/noise_0.5_groupsize20/unif_75-percent-corr_clust-250_tr(0,-1)_poly_deg7_rig-maxL-20.zip
Levelvar data already exists at Simulated/rmt/noise_0.5_groupsize20/unif_75-percent-corr_clust-250_tr(0,-1)_poly_deg7_var-maxL-10.zip
Largest eigenvalues already exist at Simulated/rmt/noise_0.5_groupsize20/unif_75-percent-corr_clust-300_largest.zip
Marchenko data already exists at Simulated/rmt/noise_0.5_groupsize20/unif_75-percent-corr_clust-300_marchenko.zip
Brody data already exists at Simulated/rmt/noise_0.5_groupsize20/unif_75-percent-corr_clust-300_tr(0,-1)_poly_deg7_brody-mle.zip
NNSD data already exists at Simulated/rmt/noise_0.5_groupsize20/unif_75-percent-corr_clust-300_tr(0,-1)_poly_deg7_nnsd.zip
Rigidity data already exists at Simulated/rmt/noise_0.5_groupsize20/unif_75-percent-corr_clust-300_tr(0,-1)_poly_deg7_rig-maxL-20.zip
Levelvar data already exists at Simulated/rmt/noise_0.5_groupsize20/unif_75-percent-corr_clust-300_tr(0,-1)_poly_deg7_var-maxL-10.zip
Largest eigenvalues already exist at Simulated/rmt/noise_0.5_groupsize20/unif_75-percent-corr_clust-500_largest.zip
Marchenko data already exists at Simulated/rmt/noise_0.5_groupsize20/unif_75-percent-corr_clust-500_marchenko.zip
Brody data already exists at Simulated/rmt/noise_0.5_groupsize20/unif_75-percent-corr_clust-500_tr(0,-1)_poly_deg7_brody-mle.zip
NNSD data already exists at Simulated/rmt/noise_0.5_groupsize20/unif_75-percent-corr_clust-500_tr(0,-1)_poly_deg7_nnsd.zip
Rigidity data already exists at Simulated/rmt/noise_0.5_groupsize20/unif_75-percent-corr_clust-500_tr(0,-1)_poly_deg7_rig-maxL-20.zip
Levelvar data already exists at Simulated/rmt/noise_0.5_groupsize20/unif_75-percent-corr_clust-500_tr(0,-1)_poly_deg7_var-maxL-10.zip
Largest eigenvalues already exist at Simulated/rmt/noise_0.5_groupsize20/unif_90-percent-corr_clust-1_largest.zip
Marchenko data already exists at Simulated/rmt/noise_0.5_groupsize20/unif_90-percent-corr_clust-1_marchenko.zip
Brody data already exists at Simulated/rmt/noise_0.5_groupsize20/unif_90-percent-corr_clust-1_tr(0,-1)_poly_deg7_brody-mle.zip
NNSD data already exists at Simulated/rmt/noise_0.5_groupsize20/unif_90-percent-corr_clust-1_tr(0,-1)_poly_deg7_nnsd.zip
Rigidity data already exists at Simulated/rmt/noise_0.5_groupsize20/unif_90-percent-corr_clust-1_tr(0,-1)_poly_deg7_rig-maxL-20.zip
Levelvar data already exists at Simulated/rmt/noise_0.5_groupsize20/unif_90-percent-corr_clust-1_tr(0,-1)_poly_deg7_var-maxL-10.zip
Largest eigenvalues already exist at Simulated/rmt/noise_0.5_groupsize20/unif_90-percent-corr_clust-10_largest.zip
Marchenko data already exists at Simulated/rmt/noise_0.5_groupsize20/unif_90-percent-corr_clust-10_marchenko.zip
Brody data already exists at Simulated/rmt/noise_0.5_groupsize20/unif_90-percent-corr_clust-10_tr(0,-1)_poly_deg7_brody-mle.zip
NNSD data already exists at Simulated/rmt/noise_0.5_groupsize20/unif_90-percent-corr_clust-10_tr(0,-1)_poly_deg7_nnsd.zip
Rigidity data already exists at Simulated/rmt/noise_0.5_groupsize20/unif_90-percent-corr_clust-10_tr(0,-1)_poly_deg7_rig-maxL-20.zip
Levelvar data already exists at Simulated/rmt/noise_0.5_groupsize20/unif_90-percent-corr_clust-10_tr(0,-1)_poly_deg7_var-maxL-10.zip
Largest eigenvalues already exist at Simulated/rmt/noise_0.5_groupsize20/unif_90-percent-corr_clust-50_largest.zip
Marchenko data already exists at Simulated/rmt/noise_0.5_groupsize20/unif_90-percent-corr_clust-50_marchenko.zip
Brody data already exists at Simulated/rmt/noise_0.5_groupsize20/unif_90-percent-corr_clust-50_tr(0,-1)_poly_deg7_brody-mle.zip
NNSD data already exists at Simulated/rmt/noise_0.5_groupsize20/unif_90-percent-corr_clust-50_tr(0,-1)_poly_deg7_nnsd.zip
Rigidity data already exists at Simulated/rmt/noise_0.5_groupsize20/unif_90-percent-corr_clust-50_tr(0,-1)_poly_deg7_rig-maxL-20.zip
Levelvar data already exists at Simulated/rmt/noise_0.5_groupsize20/unif_90-percent-corr_clust-50_tr(0,-1)_poly_deg7_var-maxL-10.zip
Largest eigenvalues already exist at Simulated/rmt/noise_0.5_groupsize20/unif_90-percent-corr_clust-75_largest.zip
Marchenko data already exists at Simulated/rmt/noise_0.5_groupsize20/unif_90-percent-corr_clust-75_marchenko.zip
Brody data already exists at Simulated/rmt/noise_0.5_groupsize20/unif_90-percent-corr_clust-75_tr(0,-1)_poly_deg7_brody-mle.zip
NNSD data already exists at Simulated/rmt/noise_0.5_groupsize20/unif_90-percent-corr_clust-75_tr(0,-1)_poly_deg7_nnsd.zip
Rigidity data already exists at Simulated/rmt/noise_0.5_groupsize20/unif_90-percent-corr_clust-75_tr(0,-1)_poly_deg7_rig-maxL-20.zip
Levelvar data already exists at Simulated/rmt/noise_0.5_groupsize20/unif_90-percent-corr_clust-75_tr(0,-1)_poly_deg7_var-maxL-10.zip
Largest eigenvalues already exist at Simulated/rmt/noise_0.5_groupsize20/unif_90-percent-corr_clust-100_largest.zip
Marchenko data already exists at Simulated/rmt/noise_0.5_groupsize20/unif_90-percent-corr_clust-100_marchenko.zip
Brody data already exists at Simulated/rmt/noise_0.5_groupsize20/unif_90-percent-corr_clust-100_tr(0,-1)_poly_deg7_brody-mle.zip
NNSD data already exists at Simulated/rmt/noise_0.5_groupsize20/unif_90-percent-corr_clust-100_tr(0,-1)_poly_deg7_nnsd.zip
Rigidity data already exists at Simulated/rmt/noise_0.5_groupsize20/unif_90-percent-corr_clust-100_tr(0,-1)_poly_deg7_rig-maxL-20.zip
Levelvar data already exists at Simulated/rmt/noise_0.5_groupsize20/unif_90-percent-corr_clust-100_tr(0,-1)_poly_deg7_var-maxL-10.zip
Largest eigenvalues already exist at Simulated/rmt/noise_0.5_groupsize20/unif_90-percent-corr_clust-150_largest.zip
Marchenko data already exists at Simulated/rmt/noise_0.5_groupsize20/unif_90-percent-corr_clust-150_marchenko.zip
Brody data already exists at Simulated/rmt/noise_0.5_groupsize20/unif_90-percent-corr_clust-150_tr(0,-1)_poly_deg7_brody-mle.zip
NNSD data already exists at Simulated/rmt/noise_0.5_groupsize20/unif_90-percent-corr_clust-150_tr(0,-1)_poly_deg7_nnsd.zip
Rigidity data already exists at Simulated/rmt/noise_0.5_groupsize20/unif_90-percent-corr_clust-150_tr(0,-1)_poly_deg7_rig-maxL-20.zip
Levelvar data already exists at Simulated/rmt/noise_0.5_groupsize20/unif_90-percent-corr_clust-150_tr(0,-1)_poly_deg7_var-maxL-10.zip
Largest eigenvalues already exist at Simulated/rmt/noise_0.5_groupsize20/unif_90-percent-corr_clust-200_largest.zip
Marchenko data already exists at Simulated/rmt/noise_0.5_groupsize20/unif_90-percent-corr_clust-200_marchenko.zip
Brody data already exists at Simulated/rmt/noise_0.5_groupsize20/unif_90-percent-corr_clust-200_tr(0,-1)_poly_deg7_brody-mle.zip
NNSD data already exists at Simulated/rmt/noise_0.5_groupsize20/unif_90-percent-corr_clust-200_tr(0,-1)_poly_deg7_nnsd.zip
Rigidity data already exists at Simulated/rmt/noise_0.5_groupsize20/unif_90-percent-corr_clust-200_tr(0,-1)_poly_deg7_rig-maxL-20.zip
Levelvar data already exists at Simulated/rmt/noise_0.5_groupsize20/unif_90-percent-corr_clust-200_tr(0,-1)_poly_deg7_var-maxL-10.zip
Largest eigenvalues already exist at Simulated/rmt/noise_0.5_groupsize20/unif_90-percent-corr_clust-250_largest.zip
Marchenko data already exists at Simulated/rmt/noise_0.5_groupsize20/unif_90-percent-corr_clust-250_marchenko.zip
Brody data already exists at Simulated/rmt/noise_0.5_groupsize20/unif_90-percent-corr_clust-250_tr(0,-1)_poly_deg7_brody-mle.zip
NNSD data already exists at Simulated/rmt/noise_0.5_groupsize20/unif_90-percent-corr_clust-250_tr(0,-1)_poly_deg7_nnsd.zip
Rigidity data already exists at Simulated/rmt/noise_0.5_groupsize20/unif_90-percent-corr_clust-250_tr(0,-1)_poly_deg7_rig-maxL-20.zip
Levelvar data already exists at Simulated/rmt/noise_0.5_groupsize20/unif_90-percent-corr_clust-250_tr(0,-1)_poly_deg7_var-maxL-10.zip
Largest eigenvalues already exist at Simulated/rmt/noise_0.5_groupsize20/unif_90-percent-corr_clust-300_largest.zip
Marchenko data already exists at Simulated/rmt/noise_0.5_groupsize20/unif_90-percent-corr_clust-300_marchenko.zip
Brody data already exists at Simulated/rmt/noise_0.5_groupsize20/unif_90-percent-corr_clust-300_tr(0,-1)_poly_deg7_brody-mle.zip
NNSD data already exists at Simulated/rmt/noise_0.5_groupsize20/unif_90-percent-corr_clust-300_tr(0,-1)_poly_deg7_nnsd.zip
Rigidity data already exists at Simulated/rmt/noise_0.5_groupsize20/unif_90-percent-corr_clust-300_tr(0,-1)_poly_deg7_rig-maxL-20.zip
Levelvar data already exists at Simulated/rmt/noise_0.5_groupsize20/unif_90-percent-corr_clust-300_tr(0,-1)_poly_deg7_var-maxL-10.zip
Largest eigenvalues already exist at Simulated/rmt/noise_0.5_groupsize20/unif_90-percent-corr_clust-500_largest.zip
Marchenko data already exists at Simulated/rmt/noise_0.5_groupsize20/unif_90-percent-corr_clust-500_marchenko.zip
Brody data already exists at Simulated/rmt/noise_0.5_groupsize20/unif_90-percent-corr_clust-500_tr(0,-1)_poly_deg7_brody-mle.zip
NNSD data already exists at Simulated/rmt/noise_0.5_groupsize20/unif_90-percent-corr_clust-500_tr(0,-1)_poly_deg7_nnsd.zip
Rigidity data already exists at Simulated/rmt/noise_0.5_groupsize20/unif_90-percent-corr_clust-500_tr(0,-1)_poly_deg7_rig-maxL-20.zip
Levelvar data already exists at Simulated/rmt/noise_0.5_groupsize20/unif_90-percent-corr_clust-500_tr(0,-1)_poly_deg7_var-maxL-10.zip
